{"level":"ERROR","time":"2023-10-11T22:55:13.402+0800","caller":"mysql/mysql.go:35","msg":"connect DB failed, err: ","error":"Error 1045: Access denied for user 'root'@'localhost' (using password: YES)"}
{"level":"ERROR","time":"2023-10-13T23:31:16.084+0800","caller":"mysql/mysql.go:37","msg":"connect DB failed, err: ","error":"Error 1045: Access denied for user 'root'@'localhost' (using password: YES)"}
{"level":"ERROR","time":"2023-10-13T23:41:48.423+0800","caller":"mysql/mysql.go:37","msg":"connect DB failed, err: ","error":"Error 1045: Access denied for user 'root'@'localhost' (using password: YES)"}
{"level":"ERROR","time":"2023-10-14T20:15:25.942+0800","caller":"mysql/mysql.go:37","msg":"connect DB failed, err: ","error":"Error 1045: Access denied for user 'root'@'localhost' (using password: YES)"}
{"level":"INFO","time":"2023-10-15T11:12:55.593+0800","caller":"logger/logger.go:77","msg":"/","status":200,"method":"GET","path":"/","query":"","ip":"::1","user-agent":"Mozilla/5.0 (Macintosh; Intel Mac OS X 10_15_7) AppleWebKit/537.36 (KHTML, like Gecko) Chrome/118.0.0.0 Safari/537.36","errors":"","cost":0.000101708}
{"level":"INFO","time":"2023-10-15T11:12:56.643+0800","caller":"logger/logger.go:77","msg":"/favicon.ico","status":404,"method":"GET","path":"/favicon.ico","query":"","ip":"::1","user-agent":"Mozilla/5.0 (Macintosh; Intel Mac OS X 10_15_7) AppleWebKit/537.36 (KHTML, like Gecko) Chrome/118.0.0.0 Safari/537.36","errors":"","cost":0.000000583}
{"level":"INFO","time":"2023-10-16T22:34:37.087+0800","caller":"logger/logger.go:77","msg":"/","status":200,"method":"GET","path":"/","query":"","ip":"::1","user-agent":"Mozilla/5.0 (Macintosh; Intel Mac OS X 10_15_7) AppleWebKit/537.36 (KHTML, like Gecko) Chrome/118.0.0.0 Safari/537.36","errors":"","cost":0.000377708}
{"level":"INFO","time":"2023-10-16T22:34:37.901+0800","caller":"logger/logger.go:77","msg":"/favicon.ico","status":404,"method":"GET","path":"/favicon.ico","query":"","ip":"::1","user-agent":"Mozilla/5.0 (Macintosh; Intel Mac OS X 10_15_7) AppleWebKit/537.36 (KHTML, like Gecko) Chrome/118.0.0.0 Safari/537.36","errors":"","cost":0.000000458}
{"level":"INFO","time":"2023-10-16T22:34:45.775+0800","caller":"logger/logger.go:77","msg":"/","status":200,"method":"GET","path":"/","query":"","ip":"::1","user-agent":"Mozilla/5.0 (Macintosh; Intel Mac OS X 10_15_7) AppleWebKit/537.36 (KHTML, like Gecko) Chrome/118.0.0.0 Safari/537.36","errors":"","cost":0.00005525}
{"level":"ERROR","time":"2023-10-17T21:07:13.612+0800","caller":"controllers/user.go:24","msg":"SignUp with invalid param","error":"json: Unmarshal(nil *controllers.SignupParam)"}
{"level":"INFO","time":"2023-10-17T21:07:13.614+0800","caller":"logger/logger.go:77","msg":"/signup","status":400,"method":"POST","path":"/signup","query":"","ip":"::1","user-agent":"PostmanRuntime/7.32.3","errors":"","cost":0.00190275}
{"level":"ERROR","time":"2023-10-17T21:07:55.799+0800","caller":"controllers/user.go:24","msg":"SignUp with invalid param","error":"json: Unmarshal(nil *controllers.SignupParam)"}
{"level":"INFO","time":"2023-10-17T21:07:55.799+0800","caller":"logger/logger.go:77","msg":"/signup","status":400,"method":"POST","path":"/signup","query":"","ip":"::1","user-agent":"PostmanRuntime/7.32.3","errors":"","cost":0.000163208}
{"level":"ERROR","time":"2023-10-17T21:08:37.841+0800","caller":"controllers/user.go:24","msg":"SignUp with invalid param","error":"json: Unmarshal(nil *controllers.SignupParam)"}
{"level":"INFO","time":"2023-10-17T21:08:37.841+0800","caller":"logger/logger.go:77","msg":"/signup","status":400,"method":"POST","path":"/signup","query":"","ip":"::1","user-agent":"PostmanRuntime/7.32.3","errors":"","cost":0.0004845}
{"level":"ERROR","time":"2023-10-17T21:10:22.228+0800","caller":"controllers/user.go:24","msg":"SignUp with invalid param","error":"json: Unmarshal(nil *controllers.SignupParam)"}
{"level":"INFO","time":"2023-10-17T21:10:22.228+0800","caller":"logger/logger.go:77","msg":"/signup","status":400,"method":"POST","path":"/signup","query":"","ip":"::1","user-agent":"PostmanRuntime/7.32.3","errors":"","cost":0.000238542}
{"level":"ERROR","time":"2023-10-17T21:10:28.619+0800","caller":"controllers/user.go:24","msg":"SignUp with invalid param","error":"invalid character '}' looking for beginning of object key string"}
{"level":"INFO","time":"2023-10-17T21:10:28.619+0800","caller":"logger/logger.go:77","msg":"/signup","status":400,"method":"POST","path":"/signup","query":"","ip":"::1","user-agent":"PostmanRuntime/7.32.3","errors":"","cost":0.000178334}
{"level":"ERROR","time":"2023-10-17T21:10:35.715+0800","caller":"controllers/user.go:24","msg":"SignUp with invalid param","error":"json: Unmarshal(nil *controllers.SignupParam)"}
{"level":"INFO","time":"2023-10-17T21:10:35.715+0800","caller":"logger/logger.go:77","msg":"/signup","status":400,"method":"POST","path":"/signup","query":"","ip":"::1","user-agent":"PostmanRuntime/7.32.3","errors":"","cost":0.000137625}
{"level":"ERROR","time":"2023-10-17T21:11:28.505+0800","caller":"controllers/user.go:24","msg":"SignUp with invalid param","error":"json: Unmarshal(nil *controllers.SignupParam)"}
{"level":"INFO","time":"2023-10-17T21:11:28.506+0800","caller":"logger/logger.go:77","msg":"/signup","status":400,"method":"POST","path":"/signup","query":"","ip":"::1","user-agent":"PostmanRuntime/7.32.3","errors":"","cost":0.001199958}
{"level":"ERROR","time":"2023-10-17T21:11:30.241+0800","caller":"controllers/user.go:24","msg":"SignUp with invalid param","error":"json: Unmarshal(nil *controllers.SignupParam)"}
{"level":"INFO","time":"2023-10-17T21:11:30.241+0800","caller":"logger/logger.go:77","msg":"/signup","status":400,"method":"POST","path":"/signup","query":"","ip":"::1","user-agent":"PostmanRuntime/7.32.3","errors":"","cost":0.000156834}
{"level":"INFO","time":"2023-10-17T21:14:40.334+0800","caller":"controllers/user.go:30","msg":"SignUp with param","param":{"username":"test","password":"1234","email":"qq@gmail.com","gender":1}}
{"level":"INFO","time":"2023-10-17T21:14:40.335+0800","caller":"logger/logger.go:77","msg":"/signup","status":200,"method":"POST","path":"/signup","query":"","ip":"::1","user-agent":"PostmanRuntime/7.32.3","errors":"","cost":0.001699084}
{"level":"INFO","time":"2023-10-17T22:00:42.357+0800","caller":"controllers/user.go:26","msg":"SignUp with param","param":{"username":"test","password":"1234","email":"qq@gmail.com","gender":1}}
{"level":"INFO","time":"2023-10-17T22:00:42.357+0800","caller":"logger/logger.go:77","msg":"/signup","status":200,"method":"POST","path":"/signup","query":"","ip":"::1","user-agent":"PostmanRuntime/7.32.3","errors":"","cost":0.001664959}
{"level":"INFO","time":"2023-10-17T22:00:57.257+0800","caller":"controllers/user.go:26","msg":"SignUp with param","param":{"username":"test","password":"1234","email":"qq@gmail.com","gender":1}}
{"level":"INFO","time":"2023-10-17T22:00:57.257+0800","caller":"logger/logger.go:77","msg":"/signup","status":200,"method":"POST","path":"/signup","query":"","ip":"::1","user-agent":"PostmanRuntime/7.32.3","errors":"","cost":0.000209083}
{"level":"ERROR","time":"2023-10-17T22:01:07.172+0800","caller":"controllers/user.go:20","msg":"SignUp with invalid param","error":"Key: 'SignupParam.Gender' Error:Field validation for 'Gender' failed on the 'required' tag"}
{"level":"INFO","time":"2023-10-17T22:01:07.172+0800","caller":"logger/logger.go:77","msg":"/signup","status":400,"method":"POST","path":"/signup","query":"","ip":"::1","user-agent":"PostmanRuntime/7.32.3","errors":"","cost":0.000294083}
{"level":"ERROR","time":"2023-10-17T22:02:37.345+0800","caller":"controllers/user.go:20","msg":"SignUp with invalid param","error":"Key: 'SignupParam.Gender' Error:Field validation for 'Gender' failed on the 'required' tag"}
{"level":"INFO","time":"2023-10-17T22:02:37.345+0800","caller":"logger/logger.go:77","msg":"/signup","status":400,"method":"POST","path":"/signup","query":"","ip":"::1","user-agent":"PostmanRuntime/7.32.3","errors":"","cost":0.001445417}
{"level":"INFO","time":"2023-10-17T22:02:44.531+0800","caller":"controllers/user.go:26","msg":"SignUp with param","param":{"username":"test","password":"1234","email":"qq@gmail.com","gender":1}}
{"level":"DEBUG","time":"2023-10-17T22:02:44.531+0800","caller":"controllers/user.go:37","msg":"logic.Signup() success"}
{"level":"INFO","time":"2023-10-17T22:02:44.531+0800","caller":"logger/logger.go:77","msg":"/signup","status":200,"method":"POST","path":"/signup","query":"","ip":"::1","user-agent":"PostmanRuntime/7.32.3","errors":"","cost":0.000322459}
